2024-12-23 16:28:10,451 - hf_paper_tracker - INFO - Using provided full URL: https://huggingface.co/papers?date=2024-02-26
2024-12-23 16:28:10,451 - hf_paper_tracker - INFO - Using provided full URL: https://huggingface.co/papers?date=2024-02-26
2024-12-23 16:28:10,451 - hf_paper_tracker - INFO - Starting URL extraction from: https://huggingface.co/papers?date=2024-02-26
2024-12-23 16:28:10,451 - hf_paper_tracker - INFO - Starting URL extraction from: https://huggingface.co/papers?date=2024-02-26
2024-12-23 16:28:10,452 - hf_paper_tracker - INFO - Crawling URL with params: {'limit': 30, 'excludePaths': ['papers$'], 'includePaths': ['papers/*'], 'ignoreSitemap': True, 'scrapeOptions': {'formats': ['markdown', 'links', 'html'], 'onlyMainContent': False, 'includeTags': ['a']}}
2024-12-23 16:28:10,452 - hf_paper_tracker - INFO - Crawling URL with params: {'limit': 30, 'excludePaths': ['papers$'], 'includePaths': ['papers/*'], 'ignoreSitemap': True, 'scrapeOptions': {'formats': ['markdown', 'links', 'html'], 'onlyMainContent': False, 'includeTags': ['a']}}
2024-12-23 16:29:52,241 - hf_paper_tracker - INFO - Extracted 29 paper URLs
2024-12-23 16:29:52,241 - hf_paper_tracker - INFO - Extracted 29 paper URLs
2024-12-23 16:29:52,242 - hf_paper_tracker - INFO - Found 29 papers to process
2024-12-23 16:29:52,242 - hf_paper_tracker - INFO - Found 29 papers to process
2024-12-23 16:29:55,736 - hf_paper_tracker - INFO - Database connection established
2024-12-23 16:29:55,736 - hf_paper_tracker - INFO - Database connection established
2024-12-23 16:29:55,739 - hf_paper_tracker - INFO - Extracting paper details from: https://huggingface.co/papers/2402.15509
2024-12-23 16:29:55,739 - hf_paper_tracker - INFO - Extracting paper details from: https://huggingface.co/papers/2402.15509
2024-12-23 16:29:55,744 - hf_paper_tracker - INFO - Extracting paper details from: https://huggingface.co/papers/2402.14904
2024-12-23 16:29:55,744 - hf_paper_tracker - INFO - Extracting paper details from: https://huggingface.co/papers/2402.14904
2024-12-23 16:29:55,747 - hf_paper_tracker - INFO - Extracting paper details from: https://huggingface.co/papers/2402.15000
2024-12-23 16:29:55,747 - hf_paper_tracker - INFO - Extracting paper details from: https://huggingface.co/papers/2402.15000
2024-12-23 16:29:55,749 - hf_paper_tracker - INFO - Extracting paper details from: https://huggingface.co/papers/2402.15319
2024-12-23 16:29:55,749 - hf_paper_tracker - INFO - Extracting paper details from: https://huggingface.co/papers/2402.15319
2024-12-23 16:29:55,752 - hf_paper_tracker - INFO - Extracting paper details from: https://huggingface.co/papers/2402.14848
2024-12-23 16:29:55,752 - hf_paper_tracker - INFO - Extracting paper details from: https://huggingface.co/papers/2402.14848
2024-12-23 16:30:08,223 - hf_paper_tracker - INFO - Extracting paper details from: https://huggingface.co/papers/2402.15220
2024-12-23 16:30:08,223 - hf_paper_tracker - INFO - Extracting paper details from: https://huggingface.co/papers/2402.15220
2024-12-23 16:30:08,227 - hf_paper_tracker - INFO - Extracting paper details from: https://huggingface.co/papers/2402.15506
2024-12-23 16:30:08,227 - hf_paper_tracker - INFO - Extracting paper details from: https://huggingface.co/papers/2402.15506
2024-12-23 16:30:08,230 - hf_paper_tracker - INFO - Extracting paper details from: https://huggingface.co/papers/2402.14905
2024-12-23 16:30:08,230 - hf_paper_tracker - INFO - Extracting paper details from: https://huggingface.co/papers/2402.14905
2024-12-23 16:30:08,234 - hf_paper_tracker - INFO - Extracting paper details from: https://huggingface.co/papers/2402.15491
2024-12-23 16:30:08,234 - hf_paper_tracker - INFO - Extracting paper details from: https://huggingface.co/papers/2402.15491
2024-12-23 16:30:08,238 - hf_paper_tracker - INFO - Extracting paper details from: https://huggingface.co/papers/2402.15391
2024-12-23 16:30:08,238 - hf_paper_tracker - INFO - Extracting paper details from: https://huggingface.co/papers/2402.15391
2024-12-23 16:30:24,493 - hf_paper_tracker - INFO - Extracting paper details from: https://huggingface.co/papers/2401.02142
2024-12-23 16:30:24,493 - hf_paper_tracker - INFO - Extracting paper details from: https://huggingface.co/papers/2401.02142
2024-12-23 16:30:24,496 - hf_paper_tracker - INFO - Extracting paper details from: https://huggingface.co/papers/2401.06829
2024-12-23 16:30:24,496 - hf_paper_tracker - INFO - Extracting paper details from: https://huggingface.co/papers/2401.06829
2024-12-23 16:30:24,499 - hf_paper_tracker - INFO - Extracting paper details from: https://huggingface.co/papers/2401.05018
2024-12-23 16:30:24,499 - hf_paper_tracker - INFO - Extracting paper details from: https://huggingface.co/papers/2401.05018
2024-12-23 16:30:24,502 - hf_paper_tracker - INFO - Extracting paper details from: https://huggingface.co/papers/2401.05190
2024-12-23 16:30:24,502 - hf_paper_tracker - INFO - Extracting paper details from: https://huggingface.co/papers/2401.05190
2024-12-23 16:30:24,505 - hf_paper_tracker - INFO - Extracting paper details from: https://huggingface.co/papers/2402.04396
2024-12-23 16:30:24,505 - hf_paper_tracker - INFO - Extracting paper details from: https://huggingface.co/papers/2402.04396
2024-12-23 16:30:45,077 - hf_paper_tracker - INFO - Extracting paper details from: https://huggingface.co/papers/2402.10892
2024-12-23 16:30:45,077 - hf_paper_tracker - INFO - Extracting paper details from: https://huggingface.co/papers/2402.10892
2024-12-23 16:30:45,079 - hf_paper_tracker - INFO - Extracting paper details from: https://huggingface.co/papers/2401.06118
2024-12-23 16:30:45,079 - hf_paper_tracker - INFO - Extracting paper details from: https://huggingface.co/papers/2401.06118
2024-12-23 16:30:45,081 - hf_paper_tracker - INFO - Extracting paper details from: https://huggingface.co/papers/2402.05830
2024-12-23 16:30:45,081 - hf_paper_tracker - INFO - Extracting paper details from: https://huggingface.co/papers/2402.05830
2024-12-23 16:30:45,083 - hf_paper_tracker - INFO - Extracting paper details from: https://huggingface.co/papers/2402.04616
2024-12-23 16:30:45,083 - hf_paper_tracker - INFO - Extracting paper details from: https://huggingface.co/papers/2402.04616
2024-12-23 16:30:45,085 - hf_paper_tracker - INFO - Extracting paper details from: https://huggingface.co/papers/2402.11452
2024-12-23 16:30:45,085 - hf_paper_tracker - INFO - Extracting paper details from: https://huggingface.co/papers/2402.11452
2024-12-23 16:31:11,549 - hf_paper_tracker - INFO - Extracting paper details from: https://huggingface.co/papers/2401.11864
2024-12-23 16:31:11,549 - hf_paper_tracker - INFO - Extracting paper details from: https://huggingface.co/papers/2401.11864
2024-12-23 16:31:11,552 - hf_paper_tracker - INFO - Extracting paper details from: https://huggingface.co/papers/2401.08559
2024-12-23 16:31:11,552 - hf_paper_tracker - INFO - Extracting paper details from: https://huggingface.co/papers/2401.08559
2024-12-23 16:31:11,555 - hf_paper_tracker - INFO - Extracting paper details from: https://huggingface.co/papers/2402.11960
2024-12-23 16:31:11,555 - hf_paper_tracker - INFO - Extracting paper details from: https://huggingface.co/papers/2402.11960
2024-12-23 16:31:11,558 - hf_paper_tracker - INFO - Extracting paper details from: https://huggingface.co/papers/2401.08570
2024-12-23 16:31:11,558 - hf_paper_tracker - INFO - Extracting paper details from: https://huggingface.co/papers/2401.08570
2024-12-23 16:31:11,561 - hf_paper_tracker - INFO - Extracting paper details from: https://huggingface.co/papers/2402.11399
2024-12-23 16:31:11,561 - hf_paper_tracker - INFO - Extracting paper details from: https://huggingface.co/papers/2402.11399
2024-12-23 16:31:21,673 - hf_paper_tracker - INFO - Extracting paper details from: https://huggingface.co/papers/2402.05359
2024-12-23 16:31:21,673 - hf_paper_tracker - INFO - Extracting paper details from: https://huggingface.co/papers/2402.05359
2024-12-23 16:31:21,675 - hf_paper_tracker - INFO - Extracting paper details from: https://huggingface.co/papers/2402.12688
2024-12-23 16:31:21,675 - hf_paper_tracker - INFO - Extracting paper details from: https://huggingface.co/papers/2402.12688
2024-12-23 16:31:21,677 - hf_paper_tracker - INFO - Extracting paper details from: https://huggingface.co/papers/2401.11115
2024-12-23 16:31:21,677 - hf_paper_tracker - INFO - Extracting paper details from: https://huggingface.co/papers/2401.11115
2024-12-23 16:31:21,679 - hf_paper_tracker - INFO - Extracting paper details from: https://huggingface.co/papers/2401.13927
2024-12-23 16:31:21,679 - hf_paper_tracker - INFO - Extracting paper details from: https://huggingface.co/papers/2401.13927
