2024-12-24 11:51:12,665 - hf_paper_tracker - INFO - Using provided full URL: https://huggingface.co/papers?date=2024-02-05
2024-12-24 11:51:12,666 - hf_paper_tracker - INFO - Starting URL extraction from: https://huggingface.co/papers?date=2024-02-05
2024-12-24 11:51:12,666 - hf_paper_tracker - INFO - Crawling URL with params: {'limit': 30, 'excludePaths': ['papers$'], 'includePaths': ['papers/*'], 'ignoreSitemap': True, 'scrapeOptions': {'formats': ['markdown', 'links', 'html'], 'onlyMainContent': False, 'includeTags': ['a']}}
2024-12-24 11:53:25,822 - hf_paper_tracker - INFO - Extracted 29 paper URLs
2024-12-24 11:53:25,823 - hf_paper_tracker - INFO - Found 29 papers to process
2024-12-24 11:53:28,527 - hf_paper_tracker - INFO - Database connection established
2024-12-24 11:53:28,529 - hf_paper_tracker - INFO - Extracting paper details from: https://huggingface.co/papers/2402.01521
2024-12-24 11:53:28,535 - hf_paper_tracker - INFO - Extracting paper details from: https://huggingface.co/papers/2402.00892
2024-12-24 11:53:28,537 - hf_paper_tracker - INFO - Extracting paper details from: https://huggingface.co/papers/2402.01032
2024-12-24 11:53:28,541 - hf_paper_tracker - INFO - Extracting paper details from: https://huggingface.co/papers/2402.01566
2024-12-24 11:53:28,543 - hf_paper_tracker - INFO - Extracting paper details from: https://huggingface.co/papers/2402.01118
2024-12-24 11:53:48,077 - hf_paper_tracker - INFO - Extracting paper details from: https://huggingface.co/papers/2402.01613
2024-12-24 11:53:48,081 - hf_paper_tracker - INFO - Extracting paper details from: https://huggingface.co/papers/2402.01093
2024-12-24 11:53:48,083 - hf_paper_tracker - INFO - Extracting paper details from: https://huggingface.co/papers/2402.01391
2024-12-24 11:53:48,086 - hf_paper_tracker - INFO - Extracting paper details from: https://huggingface.co/papers/2401.01827
2024-12-24 11:53:48,088 - hf_paper_tracker - INFO - Extracting paper details from: https://huggingface.co/papers/2312.17681
2024-12-24 11:54:14,904 - hf_paper_tracker - INFO - Extracting paper details from: https://huggingface.co/papers/2401.11864
2024-12-24 11:54:14,907 - hf_paper_tracker - INFO - Extracting paper details from: https://huggingface.co/papers/2401.17919
2024-12-24 11:54:14,910 - hf_paper_tracker - INFO - Extracting paper details from: https://huggingface.co/papers/2402.01622
2024-12-24 11:54:14,914 - hf_paper_tracker - INFO - Extracting paper details from: https://huggingface.co/papers/2401.10150
2024-12-24 11:54:14,916 - hf_paper_tracker - INFO - Extracting paper details from: https://huggingface.co/papers/2401.04925
2024-12-24 11:54:29,397 - hf_paper_tracker - INFO - Extracting paper details from: https://huggingface.co/papers/2312.12655
2024-12-24 11:54:29,400 - hf_paper_tracker - INFO - Extracting paper details from: https://huggingface.co/papers/2401.12973
2024-12-24 11:54:29,402 - hf_paper_tracker - INFO - Extracting paper details from: https://huggingface.co/papers/2312.07509
2024-12-24 11:54:29,406 - hf_paper_tracker - INFO - Extracting paper details from: https://huggingface.co/papers/2401.09334
2024-12-24 11:54:29,408 - hf_paper_tracker - INFO - Extracting paper details from: https://huggingface.co/papers/2401.06104
2024-12-24 11:54:46,206 - hf_paper_tracker - INFO - Extracting paper details from: https://huggingface.co/papers/2401.04081
2024-12-24 11:54:46,209 - hf_paper_tracker - INFO - Extracting paper details from: https://huggingface.co/papers/2312.05288
2024-12-24 11:54:46,211 - hf_paper_tracker - INFO - Extracting paper details from: https://huggingface.co/papers/2312.04862
2024-12-24 11:54:46,214 - hf_paper_tracker - INFO - Extracting paper details from: https://huggingface.co/papers/2401.12160
2024-12-24 11:54:46,215 - hf_paper_tracker - INFO - Extracting paper details from: https://huggingface.co/papers/2401.04558
2024-12-24 11:55:03,106 - hf_paper_tracker - INFO - Extracting paper details from: https://huggingface.co/papers/2312.08979
2024-12-24 11:55:03,108 - hf_paper_tracker - INFO - Extracting paper details from: https://huggingface.co/papers/2401.01735
2024-12-24 11:55:03,110 - hf_paper_tracker - INFO - Extracting paper details from: https://huggingface.co/papers/2312.16471
2024-12-24 11:55:03,113 - hf_paper_tracker - INFO - Extracting paper details from: https://huggingface.co/papers/2401.05190
