2024-12-24 11:46:05,814 - hf_paper_tracker - INFO - Using provided full URL: https://huggingface.co/papers?date=2024-02-26
2024-12-24 11:46:05,814 - hf_paper_tracker - INFO - Starting URL extraction from: https://huggingface.co/papers?date=2024-02-26
2024-12-24 11:46:05,814 - hf_paper_tracker - INFO - Crawling URL with params: {'limit': 30, 'excludePaths': ['papers$'], 'includePaths': ['papers/*'], 'ignoreSitemap': True, 'scrapeOptions': {'formats': ['markdown', 'links', 'html'], 'onlyMainContent': False, 'includeTags': ['a']}}
2024-12-24 11:48:27,170 - hf_paper_tracker - INFO - Extracted 29 paper URLs
2024-12-24 11:48:27,171 - hf_paper_tracker - INFO - Found 29 papers to process
2024-12-24 11:48:29,658 - hf_paper_tracker - INFO - Database connection established
2024-12-24 11:48:29,661 - hf_paper_tracker - INFO - Extracting paper details from: https://huggingface.co/papers/2402.14904
2024-12-24 11:48:29,668 - hf_paper_tracker - INFO - Extracting paper details from: https://huggingface.co/papers/2402.15509
2024-12-24 11:48:29,673 - hf_paper_tracker - INFO - Extracting paper details from: https://huggingface.co/papers/2402.15491
2024-12-24 11:48:29,676 - hf_paper_tracker - INFO - Extracting paper details from: https://huggingface.co/papers/2402.15000
2024-12-24 11:48:29,678 - hf_paper_tracker - INFO - Extracting paper details from: https://huggingface.co/papers/2402.15391
2024-12-24 11:48:38,592 - hf_paper_tracker - INFO - Extracting paper details from: https://huggingface.co/papers/2402.15506
2024-12-24 11:48:38,595 - hf_paper_tracker - INFO - Extracting paper details from: https://huggingface.co/papers/2402.15319
2024-12-24 11:48:38,598 - hf_paper_tracker - INFO - Extracting paper details from: https://huggingface.co/papers/2402.14905
2024-12-24 11:48:38,601 - hf_paper_tracker - INFO - Extracting paper details from: https://huggingface.co/papers/2402.14848
2024-12-24 11:48:38,604 - hf_paper_tracker - INFO - Extracting paper details from: https://huggingface.co/papers/2402.15220
2024-12-24 11:48:52,558 - hf_paper_tracker - INFO - Extracting paper details from: https://huggingface.co/papers/2401.05018
2024-12-24 11:48:52,562 - hf_paper_tracker - INFO - Extracting paper details from: https://huggingface.co/papers/2401.06829
2024-12-24 11:48:52,563 - hf_paper_tracker - INFO - Extracting paper details from: https://huggingface.co/papers/2401.08559
2024-12-24 11:48:52,565 - hf_paper_tracker - INFO - Extracting paper details from: https://huggingface.co/papers/2402.11452
2024-12-24 11:48:52,568 - hf_paper_tracker - INFO - Extracting paper details from: https://huggingface.co/papers/2402.14407
2024-12-24 11:49:04,711 - hf_paper_tracker - INFO - Extracting paper details from: https://huggingface.co/papers/2402.10892
2024-12-24 11:49:04,720 - hf_paper_tracker - INFO - Extracting paper details from: https://huggingface.co/papers/2401.11115
2024-12-24 11:49:04,740 - hf_paper_tracker - INFO - Extracting paper details from: https://huggingface.co/papers/2401.11864
2024-12-24 11:49:04,752 - hf_paper_tracker - INFO - Extracting paper details from: https://huggingface.co/papers/2402.09615
2024-12-24 11:49:04,754 - hf_paper_tracker - INFO - Extracting paper details from: https://huggingface.co/papers/2401.05190
2024-12-24 11:49:14,192 - hf_paper_tracker - INFO - Extracting paper details from: https://huggingface.co/papers/2401.02142
2024-12-24 11:49:14,197 - hf_paper_tracker - INFO - Extracting paper details from: https://huggingface.co/papers/2401.00741
2024-12-24 11:49:14,200 - hf_paper_tracker - INFO - Extracting paper details from: https://huggingface.co/papers/2401.08570
2024-12-24 11:49:14,203 - hf_paper_tracker - INFO - Extracting paper details from: https://huggingface.co/papers/2402.04616
2024-12-24 11:49:14,205 - hf_paper_tracker - INFO - Extracting paper details from: https://huggingface.co/papers/2402.05359
2024-12-24 11:49:23,768 - hf_paper_tracker - INFO - Extracting paper details from: https://huggingface.co/papers/2401.13927
2024-12-24 11:49:23,772 - hf_paper_tracker - INFO - Extracting paper details from: https://huggingface.co/papers/2402.12688
2024-12-24 11:49:23,775 - hf_paper_tracker - INFO - Extracting paper details from: https://huggingface.co/papers/2402.01881
2024-12-24 11:49:23,777 - hf_paper_tracker - INFO - Extracting paper details from: https://huggingface.co/papers/2402.11399
