2024-12-23 17:01:18,523 - hf_paper_tracker - INFO - Using provided full URL: https://huggingface.co/papers?date=2024-02-26
2024-12-23 17:01:18,523 - hf_paper_tracker - INFO - Starting URL extraction from: https://huggingface.co/papers?date=2024-02-26
2024-12-23 17:01:18,524 - hf_paper_tracker - INFO - Crawling URL with params: {'limit': 30, 'excludePaths': ['papers$'], 'includePaths': ['papers/*'], 'ignoreSitemap': True, 'scrapeOptions': {'formats': ['markdown', 'links', 'html'], 'onlyMainContent': False, 'includeTags': ['a']}}
2024-12-23 17:01:52,872 - hf_paper_tracker - INFO - Extracted 29 paper URLs
2024-12-23 17:01:52,872 - hf_paper_tracker - INFO - Found 29 papers to process
2024-12-23 17:01:55,143 - hf_paper_tracker - INFO - Database connection established
2024-12-23 17:01:55,145 - hf_paper_tracker - INFO - Extracting paper details from: https://huggingface.co/papers/2402.15391
2024-12-23 17:01:55,151 - hf_paper_tracker - INFO - Extracting paper details from: https://huggingface.co/papers/2402.14848
2024-12-23 17:01:55,153 - hf_paper_tracker - INFO - Extracting paper details from: https://huggingface.co/papers/2402.15491
2024-12-23 17:01:55,156 - hf_paper_tracker - INFO - Extracting paper details from: https://huggingface.co/papers/2402.15509
2024-12-23 17:01:55,159 - hf_paper_tracker - INFO - Extracting paper details from: https://huggingface.co/papers/2402.14904
2024-12-23 17:02:26,266 - hf_paper_tracker - ERROR - Error processing https://huggingface.co/papers/2402.14848: Request Timeout: Failed to scrape URL as the request timed out. Request timed out - No additional error details provided.
2024-12-23 17:02:26,266 - hf_paper_tracker - ERROR - Error processing https://huggingface.co/papers/2402.15491: Request Timeout: Failed to scrape URL as the request timed out. Request timed out - No additional error details provided.
2024-12-23 17:02:26,266 - hf_paper_tracker - ERROR - Error processing https://huggingface.co/papers/2402.15509: Request Timeout: Failed to scrape URL as the request timed out. Request timed out - No additional error details provided.
2024-12-23 17:02:26,266 - hf_paper_tracker - ERROR - Error processing https://huggingface.co/papers/2402.14904: Request Timeout: Failed to scrape URL as the request timed out. Request timed out - No additional error details provided.
2024-12-23 17:02:26,267 - hf_paper_tracker - INFO - Extracting paper details from: https://huggingface.co/papers/2402.15000
2024-12-23 17:02:26,270 - hf_paper_tracker - INFO - Extracting paper details from: https://huggingface.co/papers/2402.15506
2024-12-23 17:02:26,273 - hf_paper_tracker - INFO - Extracting paper details from: https://huggingface.co/papers/2402.01103
2024-12-23 17:02:26,277 - hf_paper_tracker - INFO - Extracting paper details from: https://huggingface.co/papers/2401.15843
2024-12-23 17:02:26,279 - hf_paper_tracker - INFO - Extracting paper details from: https://huggingface.co/papers/2402.14158
2024-12-23 17:02:40,860 - hf_paper_tracker - INFO - Extracting paper details from: https://huggingface.co/papers/2402.05929
2024-12-23 17:02:40,864 - hf_paper_tracker - INFO - Extracting paper details from: https://huggingface.co/papers/2401.07584
2024-12-23 17:02:40,867 - hf_paper_tracker - INFO - Extracting paper details from: https://huggingface.co/papers/2402.10379
2024-12-23 17:02:40,870 - hf_paper_tracker - INFO - Extracting paper details from: https://huggingface.co/papers/2402.11997
2024-12-23 17:02:40,873 - hf_paper_tracker - INFO - Extracting paper details from: https://huggingface.co/papers/2402.09615
2024-12-23 17:02:53,284 - hf_paper_tracker - INFO - Extracting paper details from: https://huggingface.co/papers/2402.13718
2024-12-23 17:02:53,286 - hf_paper_tracker - INFO - Extracting paper details from: https://huggingface.co/papers/2401.13505
2024-12-23 17:02:53,289 - hf_paper_tracker - INFO - Extracting paper details from: https://huggingface.co/papers/2401.11115
2024-12-23 17:02:53,293 - hf_paper_tracker - INFO - Extracting paper details from: https://huggingface.co/papers/2402.00841
2024-12-23 17:02:53,295 - hf_paper_tracker - INFO - Extracting paper details from: https://huggingface.co/papers/2401.00741
