2024-12-23 17:57:59,358 - hf_paper_tracker - INFO - Using provided full URL: https://huggingface.co/papers?date=2024-12-20
2024-12-23 17:57:59,359 - hf_paper_tracker - INFO - Starting URL extraction from: https://huggingface.co/papers?date=2024-12-20
2024-12-23 17:57:59,359 - hf_paper_tracker - INFO - Crawling URL with params: {'limit': 30, 'excludePaths': ['papers$'], 'includePaths': ['papers/*'], 'ignoreSitemap': True, 'scrapeOptions': {'formats': ['markdown', 'links', 'html'], 'onlyMainContent': False, 'includeTags': ['a']}}
2024-12-23 17:58:32,180 - hf_paper_tracker - INFO - Extracted 29 paper URLs
2024-12-23 17:58:32,180 - hf_paper_tracker - INFO - Found 29 papers to process
2024-12-23 17:58:35,482 - hf_paper_tracker - INFO - Database connection established
2024-12-23 17:58:35,485 - hf_paper_tracker - INFO - Extracting paper details from: https://huggingface.co/papers/2412.14233
2024-12-23 17:58:35,492 - hf_paper_tracker - INFO - Extracting paper details from: https://huggingface.co/papers/2412.15200
2024-12-23 17:58:35,495 - hf_paper_tracker - INFO - Extracting paper details from: https://huggingface.co/papers/2412.15115
2024-12-23 17:58:35,498 - hf_paper_tracker - INFO - Extracting paper details from: https://huggingface.co/papers/2412.14462
2024-12-23 17:58:35,501 - hf_paper_tracker - INFO - Extracting paper details from: https://huggingface.co/papers/2412.15084
2024-12-23 17:58:55,944 - hf_paper_tracker - INFO - Extracting paper details from: https://huggingface.co/papers/2412.14642
2024-12-23 17:58:55,949 - hf_paper_tracker - INFO - Extracting paper details from: https://huggingface.co/papers/2412.15191
2024-12-23 17:58:55,951 - hf_paper_tracker - INFO - Extracting paper details from: https://huggingface.co/papers/2412.15204
2024-12-23 17:58:55,953 - hf_paper_tracker - INFO - Extracting paper details from: https://huggingface.co/papers/2412.14283
2024-12-23 17:58:55,955 - hf_paper_tracker - INFO - Extracting paper details from: https://huggingface.co/papers/2412.13377
2024-12-23 17:59:09,632 - hf_paper_tracker - INFO - Extracting paper details from: https://huggingface.co/papers/2412.14689
2024-12-23 17:59:09,635 - hf_paper_tracker - INFO - Extracting paper details from: https://huggingface.co/papers/2412.14475
2024-12-23 17:59:09,638 - hf_paper_tracker - INFO - Extracting paper details from: https://huggingface.co/papers/2412.13185
2024-12-23 17:59:09,641 - hf_paper_tracker - INFO - Extracting paper details from: https://huggingface.co/papers/2412.14835
2024-12-23 17:59:09,644 - hf_paper_tracker - INFO - Extracting paper details from: https://huggingface.co/papers/2412.15214
2024-12-23 17:59:22,113 - hf_paper_tracker - INFO - Extracting paper details from: https://huggingface.co/papers/2412.15213
2024-12-23 17:59:22,115 - hf_paper_tracker - INFO - Extracting paper details from: https://huggingface.co/papers/2412.13059
2024-12-23 17:59:22,117 - hf_paper_tracker - INFO - Extracting paper details from: https://huggingface.co/papers/2412.11972
2024-12-23 17:59:22,119 - hf_paper_tracker - INFO - Extracting paper details from: https://huggingface.co/papers/2412.00947
2024-12-23 17:59:22,122 - hf_paper_tracker - INFO - Extracting paper details from: https://huggingface.co/papers/2411.17237
2024-12-23 17:59:37,476 - hf_paper_tracker - INFO - Extracting paper details from: https://huggingface.co/papers/2412.01506
2024-12-23 17:59:37,479 - hf_paper_tracker - INFO - Extracting paper details from: https://huggingface.co/papers/2411.15411
2024-12-23 17:59:37,482 - hf_paper_tracker - INFO - Extracting paper details from: https://huggingface.co/papers/2412.05939
2024-12-23 17:59:37,484 - hf_paper_tracker - INFO - Extracting paper details from: https://huggingface.co/papers/2412.05243
2024-12-23 17:59:37,486 - hf_paper_tracker - INFO - Extracting paper details from: https://huggingface.co/papers/2412.15216
2024-12-23 17:59:51,332 - hf_paper_tracker - INFO - Extracting paper details from: https://huggingface.co/papers/2412.09648
2024-12-23 17:59:51,336 - hf_paper_tracker - INFO - Extracting paper details from: https://huggingface.co/papers/2411.19654
2024-12-23 17:59:51,338 - hf_paper_tracker - INFO - Extracting paper details from: https://huggingface.co/papers/2411.16080
2024-12-23 17:59:51,340 - hf_paper_tracker - INFO - Extracting paper details from: https://huggingface.co/papers/2412.08614
